  stdafx.cpp
  DeviceMgr.cpp
  FileInfo.cpp
  GameObject.cpp
  Gear.cpp
  MainFrm.cpp
  MapTool.cpp
  MiniView.cpp
  MultiTexture.cpp
  MyForm.cpp
  MyMap.cpp
  PathExtractor.cpp
  SingleTexture.cpp
  Texture.cpp
  TextureMgr.cpp
  Tool.cpp
  ToolDoc.cpp
  ToolView.cpp
ToolView.cpp(457): warning C4244: '인수': 'int'에서 'FLOAT'(으)로 변환하면서 데이터가 손실될 수 있습니다.
ToolView.cpp(470): warning C4244: '인수': 'int'에서 'FLOAT'(으)로 변환하면서 데이터가 손실될 수 있습니다.
ToolView.cpp(483): warning C4244: '인수': 'int'에서 'FLOAT'(으)로 변환하면서 데이터가 손실될 수 있습니다.
ToolView.cpp(496): warning C4244: '인수': 'int'에서 'FLOAT'(으)로 변환하면서 데이터가 손실될 수 있습니다.
  UnitTool.cpp
  코드를 생성하고 있습니다.
  All 1600 functions were compiled because no usable IPDB/IOBJ from previous compilation was found.
  코드를 생성했습니다.
  Tool.vcxproj -> C:\Users\Administrator\Desktop\Awesomenauts-v27\Release\Tool.exe
  Tool.vcxproj -> C:\Users\Administrator\Desktop\Awesomenauts-v27\Release\Tool.pdb (Full PDB)
